[debug] [2023-03-20T14:10:13.781Z] ----------------------------------------------------------------------
[debug] [2023-03-20T14:10:13.783Z] Command:       C:\Program Files\nodejs\node.exe C:\Users\USER\AppData\Roaming\npm\node_modules\firebase-tools\lib\bin\firebase.js serve
[debug] [2023-03-20T14:10:13.783Z] CLI Version:   11.24.1
[debug] [2023-03-20T14:10:13.784Z] Platform:      win32
[debug] [2023-03-20T14:10:13.784Z] Node Version:  v16.17.0
[debug] [2023-03-20T14:10:13.791Z] Time:          Mon Mar 20 2023 15:10:13 GMT+0100 (West Africa Standard Time)
[debug] [2023-03-20T14:10:13.791Z] ----------------------------------------------------------------------
[debug] 
[debug] [2023-03-20T14:10:13.795Z] >>> [apiv2][query] GET https://firebase-public.firebaseio.com/cli.json [none]
[debug] [2023-03-20T14:10:13.910Z] > command requires scopes: ["email","openid","https://www.googleapis.com/auth/cloudplatformprojects.readonly","https://www.googleapis.com/auth/firebase","https://www.googleapis.com/auth/cloud-platform"]
[debug] [2023-03-20T14:10:13.910Z] > authorizing via signed-in user (onyinyechukwuma14@gmail.com)
[debug] [2023-03-20T14:10:13.910Z] [iam] checking project my-vue-app-59bc4 for permissions ["firebase.projects.get"]
[debug] [2023-03-20T14:10:13.911Z] > refreshing access token with scopes: []
[debug] [2023-03-20T14:10:13.912Z] >>> [apiv2][query] POST https://www.googleapis.com/oauth2/v3/token [none]
[debug] [2023-03-20T14:10:13.912Z] >>> [apiv2][body] POST https://www.googleapis.com/oauth2/v3/token [omitted]
[debug] [2023-03-20T14:10:14.500Z] <<< [apiv2][status] POST https://www.googleapis.com/oauth2/v3/token 200
[debug] [2023-03-20T14:10:14.501Z] <<< [apiv2][body] POST https://www.googleapis.com/oauth2/v3/token [omitted]
[debug] [2023-03-20T14:10:14.526Z] >>> [apiv2][query] POST https://cloudresourcemanager.googleapis.com/v1/projects/my-vue-app-59bc4:testIamPermissions [none]
[debug] [2023-03-20T14:10:14.526Z] >>> [apiv2][(partial)header] POST https://cloudresourcemanager.googleapis.com/v1/projects/my-vue-app-59bc4:testIamPermissions x-goog-quota-user=projects/my-vue-app-59bc4
[debug] [2023-03-20T14:10:14.527Z] >>> [apiv2][body] POST https://cloudresourcemanager.googleapis.com/v1/projects/my-vue-app-59bc4:testIamPermissions {"permissions":["firebase.projects.get"]}
[debug] [2023-03-20T14:10:14.639Z] <<< [apiv2][status] GET https://firebase-public.firebaseio.com/cli.json 200
[debug] [2023-03-20T14:10:14.640Z] <<< [apiv2][body] GET https://firebase-public.firebaseio.com/cli.json {"cloudBuildErrorAfter":1594252800000,"cloudBuildWarnAfter":1590019200000,"defaultNode10After":1594252800000,"minVersion":"3.0.5","node8DeploysDisabledAfter":1613390400000,"node8RuntimeDisabledAfter":1615809600000,"node8WarnAfter":1600128000000}
[debug] [2023-03-20T14:10:15.821Z] <<< [apiv2][status] POST https://cloudresourcemanager.googleapis.com/v1/projects/my-vue-app-59bc4:testIamPermissions 200
[debug] [2023-03-20T14:10:15.822Z] <<< [apiv2][body] POST https://cloudresourcemanager.googleapis.com/v1/projects/my-vue-app-59bc4:testIamPermissions {"permissions":["firebase.projects.get"]}
[debug] [2023-03-20T14:10:15.823Z] >>> [apiv2][query] GET https://firebase.googleapis.com/v1beta1/projects/my-vue-app-59bc4 [none]
[debug] [2023-03-20T14:10:16.419Z] <<< [apiv2][status] GET https://firebase.googleapis.com/v1beta1/projects/my-vue-app-59bc4 200
[debug] [2023-03-20T14:10:16.419Z] <<< [apiv2][body] GET https://firebase.googleapis.com/v1beta1/projects/my-vue-app-59bc4 {"projectId":"my-vue-app-59bc4","projectNumber":"924770135381","displayName":"my vue app","name":"projects/my-vue-app-59bc4","resources":{"hostingSite":"my-vue-app-59bc4"},"state":"ACTIVE","etag":"1_d8ed07c5-d2ef-475a-828d-15c6b4840992"}
[info] 
[info] === Serving from 'C:\Users\USER\Desktop\MyVueAuthenticationApp\my-vue-app'...
[info] 
[debug] [2023-03-20T14:10:16.424Z] >>> [apiv2][query] GET https://firebasehosting.googleapis.com/v1beta1/projects/my-vue-app-59bc4/sites 
[debug] [2023-03-20T14:10:17.827Z] <<< [apiv2][status] GET https://firebasehosting.googleapis.com/v1beta1/projects/my-vue-app-59bc4/sites 200
[debug] [2023-03-20T14:10:17.828Z] <<< [apiv2][body] GET https://firebasehosting.googleapis.com/v1beta1/projects/my-vue-app-59bc4/sites {"sites":[{"name":"projects/my-vue-app-59bc4/sites/my-vue-app-59bc4","defaultUrl":"https://my-vue-app-59bc4.web.app","appId":"1:924770135381:web:de602123b33d377f1553dc","type":"DEFAULT_SITE"}]}
[debug] [2023-03-20T14:10:17.829Z] >>> [apiv2][query] GET https://firebase.googleapis.com/v1beta1/projects/my-vue-app-59bc4/webApps/1:924770135381:web:de602123b33d377f1553dc/config [none]
[debug] [2023-03-20T14:10:19.036Z] <<< [apiv2][status] GET https://firebase.googleapis.com/v1beta1/projects/my-vue-app-59bc4/webApps/1:924770135381:web:de602123b33d377f1553dc/config 200
[debug] [2023-03-20T14:10:19.036Z] <<< [apiv2][body] GET https://firebase.googleapis.com/v1beta1/projects/my-vue-app-59bc4/webApps/1:924770135381:web:de602123b33d377f1553dc/config {"projectId":"my-vue-app-59bc4","appId":"1:924770135381:web:de602123b33d377f1553dc","storageBucket":"my-vue-app-59bc4.appspot.com","apiKey":"AIzaSyDHbpCfr3-Raw-6TXfi7RELcvn_y_59GKA","authDomain":"my-vue-app-59bc4.firebaseapp.com","messagingSenderId":"924770135381"}
[debug] [2023-03-20T14:10:19.044Z] >>> [apiv2][query] GET https://firebase.googleapis.com/v1beta1/projects/my-vue-app-59bc4 [none]
[debug] [2023-03-20T14:10:19.581Z] <<< [apiv2][status] GET https://firebase.googleapis.com/v1beta1/projects/my-vue-app-59bc4 200
[debug] [2023-03-20T14:10:19.582Z] <<< [apiv2][body] GET https://firebase.googleapis.com/v1beta1/projects/my-vue-app-59bc4 {"projectId":"my-vue-app-59bc4","projectNumber":"924770135381","displayName":"my vue app","name":"projects/my-vue-app-59bc4","resources":{"hostingSite":"my-vue-app-59bc4"},"state":"ACTIVE","etag":"1_d8ed07c5-d2ef-475a-828d-15c6b4840992"}
[info] i  hosting[my-vue-app-59bc4]: Serving hosting files from: dist {"metadata":{"emulator":{"name":"hosting"},"message":"Serving hosting files from: \u001b[1mdist\u001b[22m"}}
[info] +  hosting[my-vue-app-59bc4]: Local server: http://localhost:5000 {"metadata":{"emulator":{"name":"hosting"},"message":"Local server: \u001b[4m\u001b[1mhttp://localhost:5000\u001b[22m\u001b[24m"}}
